2026-05-02 16:32:23,374 INFO Loading inputs …
2026-05-02 16:32:37,018 INFO StockFeatureGenerator: 32 features, 520 tickers, 5112 dates
2026-05-02 16:32:40,891 INFO validation_end=2026-04-24
2026-05-02 16:32:40,891 INFO Building beta/stress …
2026-05-02 16:32:41,519 INFO Building B.5 constrained weights (full period) …
2026-05-02 16:33:06,308 INFO B.5 weights shape: (4607, 267), time 42.9s
2026-05-02 16:33:06,308 INFO Loading sector features …
2026-05-02 16:33:06,318 INFO Sector features loaded: (50605, 5)
2026-05-02 16:33:06,319 INFO Rebalance dates — train: 59, val: 13
2026-05-02 16:33:06,319 INFO Building training environment (PortfolioEnvV2) …
2026-05-02 16:33:08,396 INFO Episode mode: max_episodes=1000, patience=50, steps_per_episode=512
2026-05-02 16:34:26,710 INFO ep=1: val_sharpe=1.0389 NEW BEST — checkpoint saved (78.3s)
2026-05-02 16:35:46,365 INFO ep=2: val_sharpe=1.0420 NEW BEST — checkpoint saved (79.7s)
2026-05-02 16:37:07,087 INFO ep=3: val_sharpe=1.0379 best=1.0420 patience=1 (80.7s)
2026-05-02 16:38:25,755 INFO ep=4: val_sharpe=1.0161 best=1.0420 patience=2 (78.7s)
2026-05-02 16:39:45,320 INFO ep=5: val_sharpe=1.0281 best=1.0420 patience=3 (79.6s)
2026-05-02 16:41:06,171 INFO ep=6: val_sharpe=1.0386 best=1.0420 patience=4 (80.9s)
2026-05-02 16:42:24,630 INFO ep=7: val_sharpe=1.0456 NEW BEST — checkpoint saved (78.5s)
2026-05-02 16:43:42,618 INFO ep=8: val_sharpe=1.0277 best=1.0456 patience=1 (78.0s)
2026-05-02 16:45:00,977 INFO ep=9: val_sharpe=1.0329 best=1.0456 patience=2 (78.4s)
2026-05-02 16:46:18,133 INFO ep=10: val_sharpe=1.0336 best=1.0456 patience=3 (77.2s)
2026-05-02 16:47:35,399 INFO ep=11: val_sharpe=1.0487 NEW BEST — checkpoint saved (77.3s)
2026-05-02 16:48:53,676 INFO ep=12: val_sharpe=1.0491 NEW BEST — checkpoint saved (78.3s)
2026-05-02 16:50:11,256 INFO ep=13: val_sharpe=1.0746 NEW BEST — checkpoint saved (77.6s)
2026-05-02 16:51:28,483 INFO ep=14: val_sharpe=1.0376 best=1.0746 patience=1 (77.2s)
2026-05-02 16:52:47,089 INFO ep=15: val_sharpe=1.0178 best=1.0746 patience=2 (78.6s)
2026-05-02 16:54:04,320 INFO ep=16: val_sharpe=1.0034 best=1.0746 patience=3 (77.2s)
2026-05-02 16:55:21,143 INFO ep=17: val_sharpe=1.0066 best=1.0746 patience=4 (76.8s)
2026-05-02 16:56:39,126 INFO ep=18: val_sharpe=1.0014 best=1.0746 patience=5 (78.0s)
2026-05-02 16:57:56,965 INFO ep=19: val_sharpe=0.9916 best=1.0746 patience=6 (77.8s)
2026-05-02 16:59:13,940 INFO ep=20: val_sharpe=0.9987 best=1.0746 patience=7 (77.0s)
2026-05-02 17:00:31,767 INFO ep=21: val_sharpe=1.0018 best=1.0746 patience=8 (77.8s)
2026-05-02 17:01:49,760 INFO ep=22: val_sharpe=0.9762 best=1.0746 patience=9 (78.0s)
2026-05-02 17:03:06,096 INFO ep=23: val_sharpe=0.9944 best=1.0746 patience=10 (76.3s)
2026-05-02 17:04:25,191 INFO ep=24: val_sharpe=0.9455 best=1.0746 patience=11 (79.1s)
2026-05-02 17:05:43,734 INFO ep=25: val_sharpe=0.9571 best=1.0746 patience=12 (78.5s)
2026-05-02 17:07:00,720 INFO ep=26: val_sharpe=0.9210 best=1.0746 patience=13 (77.0s)
2026-05-02 17:08:19,256 INFO ep=27: val_sharpe=0.9536 best=1.0746 patience=14 (78.5s)
2026-05-02 17:09:38,321 INFO ep=28: val_sharpe=0.9279 best=1.0746 patience=15 (79.1s)
2026-05-02 17:10:55,541 INFO ep=29: val_sharpe=0.9310 best=1.0746 patience=16 (77.2s)
2026-05-02 17:12:13,515 INFO ep=30: val_sharpe=0.9344 best=1.0746 patience=17 (78.0s)
2026-05-02 17:13:32,829 INFO ep=31: val_sharpe=0.9748 best=1.0746 patience=18 (79.3s)
2026-05-02 17:14:49,796 INFO ep=32: val_sharpe=0.9342 best=1.0746 patience=19 (77.0s)
2026-05-02 17:16:08,776 INFO ep=33: val_sharpe=0.8976 best=1.0746 patience=20 (79.0s)
2026-05-02 17:17:29,063 INFO ep=34: val_sharpe=0.8494 best=1.0746 patience=21 (80.3s)
2026-05-02 17:18:47,682 INFO ep=35: val_sharpe=0.7756 best=1.0746 patience=22 (78.6s)
2026-05-02 17:20:06,163 INFO ep=36: val_sharpe=0.8131 best=1.0746 patience=23 (78.5s)
2026-05-02 17:21:24,308 INFO ep=37: val_sharpe=0.8106 best=1.0746 patience=24 (78.1s)
2026-05-02 17:22:41,091 INFO ep=38: val_sharpe=0.9004 best=1.0746 patience=25 (76.8s)
2026-05-02 17:23:57,832 INFO ep=39: val_sharpe=0.9421 best=1.0746 patience=26 (76.7s)
2026-05-02 17:25:16,037 INFO ep=40: val_sharpe=0.8875 best=1.0746 patience=27 (78.2s)
2026-05-02 17:26:33,693 INFO ep=41: val_sharpe=0.8709 best=1.0746 patience=28 (77.7s)
2026-05-02 17:27:50,242 INFO ep=42: val_sharpe=0.8700 best=1.0746 patience=29 (76.5s)
2026-05-02 17:29:08,659 INFO ep=43: val_sharpe=0.9080 best=1.0746 patience=30 (78.4s)
2026-05-02 17:30:25,878 INFO ep=44: val_sharpe=0.9284 best=1.0746 patience=31 (77.2s)
2026-05-02 17:31:42,559 INFO ep=45: val_sharpe=0.8795 best=1.0746 patience=32 (76.7s)
2026-05-02 17:33:00,439 INFO ep=46: val_sharpe=0.8602 best=1.0746 patience=33 (77.9s)
2026-05-02 17:34:17,531 INFO ep=47: val_sharpe=0.8576 best=1.0746 patience=34 (77.1s)
2026-05-02 17:35:33,868 INFO ep=48: val_sharpe=0.9317 best=1.0746 patience=35 (76.3s)
2026-05-02 17:36:51,376 INFO ep=49: val_sharpe=0.9904 best=1.0746 patience=36 (77.5s)
2026-05-02 17:38:08,688 INFO ep=50: val_sharpe=1.0152 best=1.0746 patience=37 (77.3s)
2026-05-02 17:39:24,931 INFO ep=51: val_sharpe=1.0483 best=1.0746 patience=38 (76.2s)
2026-05-02 17:40:42,387 INFO ep=52: val_sharpe=1.0559 best=1.0746 patience=39 (77.5s)
2026-05-02 17:42:00,166 INFO ep=53: val_sharpe=1.0210 best=1.0746 patience=40 (77.8s)
2026-05-02 17:43:16,618 INFO ep=54: val_sharpe=0.9905 best=1.0746 patience=41 (76.5s)
2026-05-02 17:44:34,034 INFO ep=55: val_sharpe=0.9725 best=1.0746 patience=42 (77.4s)
2026-05-02 17:45:52,309 INFO ep=56: val_sharpe=0.9837 best=1.0746 patience=43 (78.3s)
2026-05-02 17:47:08,640 INFO ep=57: val_sharpe=0.9798 best=1.0746 patience=44 (76.3s)
2026-05-02 17:48:25,762 INFO ep=58: val_sharpe=0.9661 best=1.0746 patience=45 (77.1s)
2026-05-02 17:49:44,330 INFO ep=59: val_sharpe=0.9675 best=1.0746 patience=46 (78.6s)
2026-05-02 17:51:00,505 INFO ep=60: val_sharpe=0.9410 best=1.0746 patience=47 (76.2s)
2026-05-02 17:52:17,658 INFO ep=61: val_sharpe=0.9602 best=1.0746 patience=48 (77.2s)
2026-05-02 17:53:36,118 INFO ep=62: val_sharpe=0.9463 best=1.0746 patience=49 (78.5s)
2026-05-02 17:54:52,098 INFO ep=63: val_sharpe=0.9643 best=1.0746 patience=50 (76.0s)
2026-05-02 17:54:52,098 INFO Early stopping at episode 63 (patience=50)
2026-05-02 17:54:52,104 INFO Final model saved: /home/shivamguptanit/github/us-rl-portfolio/artifacts/models/rl_e_ppo_final
2026-05-02 17:54:52,106 INFO Training log saved: 63 rows
2026-05-02 17:54:52,107 INFO Training complete: best_val_sharpe=1.0746, total_time=4948.7s
