2026-05-04 06:26:01,567 INFO Loading inputs …
2026-05-04 06:26:16,604 INFO StockFeatureGenerator: 32 features, 520 tickers, 5112 dates
2026-05-04 06:26:20,923 INFO validation_end=2026-04-24
2026-05-04 06:26:20,923 INFO Building beta/stress …
2026-05-04 06:26:21,561 INFO Building B.5 constrained weights (full period) …
2026-05-04 06:26:48,750 INFO B.5 weights shape: (4607, 267), time 47.2s
2026-05-04 06:26:48,750 INFO Loading sector features …
2026-05-04 06:26:48,786 INFO Sector features loaded: (50605, 5)
2026-05-04 06:26:48,787 INFO Rebalance dates — train: 59, val: 13
2026-05-04 06:26:48,787 INFO Building training environment (PortfolioEnvV2) …
2026-05-04 06:26:53,531 INFO Episode mode: max_episodes=1000, patience=50, steps_per_episode=512
2026-05-04 06:28:15,771 INFO ep=1: val_sharpe=1.0342 NEW BEST — checkpoint saved (82.2s)
2026-05-04 06:29:37,235 INFO ep=2: val_sharpe=1.0356 NEW BEST — checkpoint saved (81.5s)
2026-05-04 06:31:00,327 INFO ep=3: val_sharpe=1.0306 best=1.0356 patience=1 (83.1s)
2026-05-04 06:32:21,333 INFO ep=4: val_sharpe=1.0150 best=1.0356 patience=2 (81.0s)
2026-05-04 06:33:42,548 INFO ep=5: val_sharpe=1.0232 best=1.0356 patience=3 (81.2s)
2026-05-04 06:35:04,777 INFO ep=6: val_sharpe=1.0326 best=1.0356 patience=4 (82.2s)
2026-05-04 06:36:25,751 INFO ep=7: val_sharpe=1.0391 NEW BEST — checkpoint saved (81.0s)
2026-05-04 06:37:47,329 INFO ep=8: val_sharpe=1.0234 best=1.0391 patience=1 (81.6s)
2026-05-04 06:39:09,498 INFO ep=9: val_sharpe=1.0292 best=1.0391 patience=2 (82.2s)
2026-05-04 06:40:30,525 INFO ep=10: val_sharpe=1.0279 best=1.0391 patience=3 (81.0s)
2026-05-04 06:41:51,495 INFO ep=11: val_sharpe=1.0393 NEW BEST — checkpoint saved (81.0s)
2026-05-04 06:43:13,443 INFO ep=12: val_sharpe=1.0416 NEW BEST — checkpoint saved (81.9s)
2026-05-04 06:44:35,327 INFO ep=13: val_sharpe=1.0665 NEW BEST — checkpoint saved (81.9s)
2026-05-04 06:45:56,732 INFO ep=14: val_sharpe=1.0278 best=1.0665 patience=1 (81.4s)
2026-05-04 06:47:19,415 INFO ep=15: val_sharpe=1.0147 best=1.0665 patience=2 (82.7s)
2026-05-04 06:48:41,007 INFO ep=16: val_sharpe=0.9993 best=1.0665 patience=3 (81.6s)
2026-05-04 06:50:02,770 INFO ep=17: val_sharpe=1.0029 best=1.0665 patience=4 (81.8s)
2026-05-04 06:51:26,046 INFO ep=18: val_sharpe=0.9953 best=1.0665 patience=5 (83.3s)
2026-05-04 06:52:48,723 INFO ep=19: val_sharpe=0.9874 best=1.0665 patience=6 (82.7s)
2026-05-04 06:54:11,286 INFO ep=20: val_sharpe=0.9937 best=1.0665 patience=7 (82.6s)
2026-05-04 06:55:34,089 INFO ep=21: val_sharpe=0.9881 best=1.0665 patience=8 (82.8s)
2026-05-04 06:56:56,960 INFO ep=22: val_sharpe=0.9632 best=1.0665 patience=9 (82.9s)
2026-05-04 06:58:18,420 INFO ep=23: val_sharpe=0.9684 best=1.0665 patience=10 (81.5s)
2026-05-04 06:59:40,793 INFO ep=24: val_sharpe=0.9108 best=1.0665 patience=11 (82.4s)
2026-05-04 07:01:02,502 INFO ep=25: val_sharpe=0.9178 best=1.0665 patience=12 (81.7s)
2026-05-04 07:02:20,862 INFO ep=26: val_sharpe=0.8958 best=1.0665 patience=13 (78.4s)
2026-05-04 07:03:40,121 INFO ep=27: val_sharpe=0.9339 best=1.0665 patience=14 (79.3s)
2026-05-04 07:04:59,878 INFO ep=28: val_sharpe=0.9080 best=1.0665 patience=15 (79.8s)
2026-05-04 07:06:17,335 INFO ep=29: val_sharpe=0.9058 best=1.0665 patience=16 (77.5s)
2026-05-04 07:07:35,655 INFO ep=30: val_sharpe=0.9113 best=1.0665 patience=17 (78.3s)
2026-05-04 07:08:55,583 INFO ep=31: val_sharpe=0.9593 best=1.0665 patience=18 (79.9s)
2026-05-04 07:10:13,820 INFO ep=32: val_sharpe=0.9214 best=1.0665 patience=19 (78.2s)
2026-05-04 07:11:32,559 INFO ep=33: val_sharpe=0.8714 best=1.0665 patience=20 (78.7s)
2026-05-04 07:12:52,667 INFO ep=34: val_sharpe=0.8208 best=1.0665 patience=21 (80.1s)
2026-05-04 07:14:10,595 INFO ep=35: val_sharpe=0.7443 best=1.0665 patience=22 (77.9s)
2026-05-04 07:15:29,608 INFO ep=36: val_sharpe=0.8243 best=1.0665 patience=23 (79.0s)
2026-05-04 07:16:49,821 INFO ep=37: val_sharpe=0.8258 best=1.0665 patience=24 (80.2s)
2026-05-04 07:18:08,377 INFO ep=38: val_sharpe=0.9149 best=1.0665 patience=25 (78.6s)
2026-05-04 07:19:26,774 INFO ep=39: val_sharpe=0.9415 best=1.0665 patience=26 (78.4s)
2026-05-04 07:20:46,892 INFO ep=40: val_sharpe=0.9329 best=1.0665 patience=27 (80.1s)
2026-05-04 07:22:05,772 INFO ep=41: val_sharpe=0.9228 best=1.0665 patience=28 (78.9s)
2026-05-04 07:23:23,916 INFO ep=42: val_sharpe=0.9318 best=1.0665 patience=29 (78.1s)
2026-05-04 07:24:43,541 INFO ep=43: val_sharpe=0.9454 best=1.0665 patience=30 (79.6s)
2026-05-04 07:26:02,424 INFO ep=44: val_sharpe=0.9425 best=1.0665 patience=31 (78.9s)
2026-05-04 07:27:21,478 INFO ep=45: val_sharpe=0.8856 best=1.0665 patience=32 (79.1s)
2026-05-04 07:28:41,349 INFO ep=46: val_sharpe=0.9105 best=1.0665 patience=33 (79.9s)
2026-05-04 07:30:00,534 INFO ep=47: val_sharpe=0.9301 best=1.0665 patience=34 (79.2s)
2026-05-04 07:31:19,174 INFO ep=48: val_sharpe=0.9948 best=1.0665 patience=35 (78.6s)
2026-05-04 07:32:38,555 INFO ep=49: val_sharpe=1.0555 best=1.0665 patience=36 (79.4s)
2026-05-04 07:33:58,018 INFO ep=50: val_sharpe=1.0346 best=1.0665 patience=37 (79.5s)
2026-05-04 07:35:16,133 INFO ep=51: val_sharpe=1.0761 NEW BEST — checkpoint saved (78.1s)
2026-05-04 07:36:35,037 INFO ep=52: val_sharpe=1.0345 best=1.0761 patience=1 (78.9s)
2026-05-04 07:37:54,711 INFO ep=53: val_sharpe=1.0073 best=1.0761 patience=2 (79.7s)
2026-05-04 07:39:12,986 INFO ep=54: val_sharpe=0.9797 best=1.0761 patience=3 (78.3s)
2026-05-04 07:40:32,030 INFO ep=55: val_sharpe=0.9628 best=1.0761 patience=4 (79.0s)
2026-05-04 07:41:51,990 INFO ep=56: val_sharpe=0.9528 best=1.0761 patience=5 (80.0s)
2026-05-04 07:43:09,711 INFO ep=57: val_sharpe=0.9606 best=1.0761 patience=6 (77.7s)
2026-05-04 07:44:28,493 INFO ep=58: val_sharpe=0.9563 best=1.0761 patience=7 (78.8s)
2026-05-04 07:45:49,113 INFO ep=59: val_sharpe=0.9609 best=1.0761 patience=8 (80.6s)
2026-05-04 07:47:07,218 INFO ep=60: val_sharpe=0.9489 best=1.0761 patience=9 (78.1s)
2026-05-04 07:48:29,610 INFO ep=61: val_sharpe=0.9549 best=1.0761 patience=10 (82.4s)
2026-05-04 07:49:53,421 INFO ep=62: val_sharpe=0.9470 best=1.0761 patience=11 (83.8s)
2026-05-04 07:51:14,560 INFO ep=63: val_sharpe=0.9653 best=1.0761 patience=12 (81.1s)
2026-05-04 07:52:36,077 INFO ep=64: val_sharpe=0.9684 best=1.0761 patience=13 (81.5s)
2026-05-04 07:53:58,967 INFO ep=65: val_sharpe=0.9656 best=1.0761 patience=14 (82.9s)
2026-05-04 07:55:19,982 INFO ep=66: val_sharpe=0.9465 best=1.0761 patience=15 (81.0s)
2026-05-04 07:56:41,865 INFO ep=67: val_sharpe=0.9543 best=1.0761 patience=16 (81.9s)
2026-05-04 07:58:04,822 INFO ep=68: val_sharpe=0.9572 best=1.0761 patience=17 (83.0s)
2026-05-04 07:59:25,835 INFO ep=69: val_sharpe=0.9604 best=1.0761 patience=18 (81.0s)
2026-05-04 08:00:47,464 INFO ep=70: val_sharpe=0.9793 best=1.0761 patience=19 (81.6s)
2026-05-04 08:02:09,924 INFO ep=71: val_sharpe=0.9653 best=1.0761 patience=20 (82.5s)
2026-05-04 08:03:31,314 INFO ep=72: val_sharpe=0.9570 best=1.0761 patience=21 (81.4s)
2026-05-04 08:04:52,433 INFO ep=73: val_sharpe=0.9633 best=1.0761 patience=22 (81.1s)
2026-05-04 08:06:14,532 INFO ep=74: val_sharpe=0.9669 best=1.0761 patience=23 (82.1s)
2026-05-04 08:07:36,223 INFO ep=75: val_sharpe=0.9619 best=1.0761 patience=24 (81.7s)
2026-05-04 08:08:56,744 INFO ep=76: val_sharpe=0.9732 best=1.0761 patience=25 (80.5s)
2026-05-04 08:10:18,496 INFO ep=77: val_sharpe=0.9694 best=1.0761 patience=26 (81.8s)
2026-05-04 08:11:40,313 INFO ep=78: val_sharpe=0.9724 best=1.0761 patience=27 (81.8s)
2026-05-04 08:13:00,897 INFO ep=79: val_sharpe=0.9772 best=1.0761 patience=28 (80.6s)
2026-05-04 08:14:23,073 INFO ep=80: val_sharpe=0.9752 best=1.0761 patience=29 (82.2s)
2026-05-04 08:15:45,584 INFO ep=81: val_sharpe=0.9716 best=1.0761 patience=30 (82.5s)
2026-05-04 08:17:06,601 INFO ep=82: val_sharpe=0.9712 best=1.0761 patience=31 (81.0s)
2026-05-04 08:18:28,355 INFO ep=83: val_sharpe=0.9802 best=1.0761 patience=32 (81.8s)
2026-05-04 08:19:50,287 INFO ep=84: val_sharpe=0.9789 best=1.0761 patience=33 (81.9s)
2026-05-04 08:21:10,788 INFO ep=85: val_sharpe=0.9793 best=1.0761 patience=34 (80.5s)
2026-05-04 08:22:32,289 INFO ep=86: val_sharpe=0.9780 best=1.0761 patience=35 (81.5s)
2026-05-04 08:23:54,847 INFO ep=87: val_sharpe=0.9781 best=1.0761 patience=36 (82.6s)
2026-05-04 08:25:15,723 INFO ep=88: val_sharpe=0.9764 best=1.0761 patience=37 (80.9s)
2026-05-04 08:26:37,661 INFO ep=89: val_sharpe=0.9807 best=1.0761 patience=38 (81.9s)
2026-05-04 08:28:00,847 INFO ep=90: val_sharpe=0.9768 best=1.0761 patience=39 (83.2s)
2026-05-04 08:29:21,321 INFO ep=91: val_sharpe=0.9854 best=1.0761 patience=40 (80.5s)
