2026-05-03 06:42:10,836 INFO Loading inputs …
2026-05-03 06:42:22,799 INFO StockFeatureGenerator: 32 features, 520 tickers, 5112 dates
2026-05-03 06:42:26,828 INFO validation_end=2026-04-24
2026-05-03 06:42:26,828 INFO Building beta/stress …
2026-05-03 06:42:27,456 INFO Building B.5 constrained weights (full period) …
2026-05-03 06:42:52,335 INFO B.5 weights shape: (4607, 267), time 41.5s
2026-05-03 06:42:52,335 INFO Loading sector features …
2026-05-03 06:42:52,345 INFO Sector features loaded: (50605, 5)
2026-05-03 06:42:52,346 INFO Rebalance dates — train: 59, val: 13
2026-05-03 06:42:52,346 INFO Building training environment (PortfolioEnvV2) …
2026-05-03 06:42:54,380 INFO Episode mode: max_episodes=1000, patience=50, steps_per_episode=512
2026-05-03 06:44:11,333 INFO ep=1: val_sharpe=1.0342 NEW BEST — checkpoint saved (77.0s)
2026-05-03 06:45:29,255 INFO ep=2: val_sharpe=1.0356 NEW BEST — checkpoint saved (77.9s)
2026-05-03 06:46:48,200 INFO ep=3: val_sharpe=1.0306 best=1.0356 patience=1 (78.9s)
2026-05-03 06:48:05,169 INFO ep=4: val_sharpe=1.0150 best=1.0356 patience=2 (77.0s)
2026-05-03 06:49:22,443 INFO ep=5: val_sharpe=1.0232 best=1.0356 patience=3 (77.3s)
2026-05-03 06:50:41,038 INFO ep=6: val_sharpe=1.0326 best=1.0356 patience=4 (78.6s)
2026-05-03 06:51:58,071 INFO ep=7: val_sharpe=1.0391 NEW BEST — checkpoint saved (77.0s)
2026-05-03 06:53:15,580 INFO ep=8: val_sharpe=1.0234 best=1.0391 patience=1 (77.5s)
2026-05-03 06:54:33,994 INFO ep=9: val_sharpe=1.0292 best=1.0391 patience=2 (78.4s)
2026-05-03 06:55:51,337 INFO ep=10: val_sharpe=1.0279 best=1.0391 patience=3 (77.3s)
2026-05-03 06:57:08,692 INFO ep=11: val_sharpe=1.0393 NEW BEST — checkpoint saved (77.4s)
2026-05-03 06:58:26,685 INFO ep=12: val_sharpe=1.0416 NEW BEST — checkpoint saved (78.0s)
2026-05-03 06:59:44,177 INFO ep=13: val_sharpe=1.0665 NEW BEST — checkpoint saved (77.5s)
2026-05-03 07:01:01,315 INFO ep=14: val_sharpe=1.0278 best=1.0665 patience=1 (77.1s)
2026-05-03 07:02:19,387 INFO ep=15: val_sharpe=1.0147 best=1.0665 patience=2 (78.1s)
2026-05-03 07:03:36,985 INFO ep=16: val_sharpe=0.9993 best=1.0665 patience=3 (77.6s)
2026-05-03 07:04:53,954 INFO ep=17: val_sharpe=1.0029 best=1.0665 patience=4 (77.0s)
2026-05-03 07:06:12,055 INFO ep=18: val_sharpe=0.9953 best=1.0665 patience=5 (78.1s)
2026-05-03 07:07:29,896 INFO ep=19: val_sharpe=0.9874 best=1.0665 patience=6 (77.8s)
2026-05-03 07:08:46,756 INFO ep=20: val_sharpe=0.9937 best=1.0665 patience=7 (76.9s)
2026-05-03 07:10:04,837 INFO ep=21: val_sharpe=0.9881 best=1.0665 patience=8 (78.1s)
2026-05-03 07:11:24,362 INFO ep=22: val_sharpe=0.9632 best=1.0665 patience=9 (79.5s)
2026-05-03 07:12:42,581 INFO ep=23: val_sharpe=0.9684 best=1.0665 patience=10 (78.2s)
2026-05-03 07:14:01,151 INFO ep=24: val_sharpe=0.9108 best=1.0665 patience=11 (78.6s)
2026-05-03 07:15:20,485 INFO ep=25: val_sharpe=0.9178 best=1.0665 patience=12 (79.3s)
2026-05-03 07:16:37,619 INFO ep=26: val_sharpe=0.8958 best=1.0665 patience=13 (77.1s)
2026-05-03 07:17:55,727 INFO ep=27: val_sharpe=0.9339 best=1.0665 patience=14 (78.1s)
2026-05-03 07:19:14,740 INFO ep=28: val_sharpe=0.9080 best=1.0665 patience=15 (79.0s)
2026-05-03 07:20:31,386 INFO ep=29: val_sharpe=0.9058 best=1.0665 patience=16 (76.6s)
2026-05-03 07:21:49,152 INFO ep=30: val_sharpe=0.9113 best=1.0665 patience=17 (77.8s)
2026-05-03 07:23:09,013 INFO ep=31: val_sharpe=0.9593 best=1.0665 patience=18 (79.9s)
2026-05-03 07:24:26,758 INFO ep=32: val_sharpe=0.9214 best=1.0665 patience=19 (77.7s)
2026-05-03 07:25:44,449 INFO ep=33: val_sharpe=0.8714 best=1.0665 patience=20 (77.7s)
2026-05-03 07:27:03,639 INFO ep=34: val_sharpe=0.8208 best=1.0665 patience=21 (79.2s)
2026-05-03 07:28:20,689 INFO ep=35: val_sharpe=0.7443 best=1.0665 patience=22 (77.1s)
2026-05-03 07:29:38,269 INFO ep=36: val_sharpe=0.8243 best=1.0665 patience=23 (77.6s)
2026-05-03 07:30:56,907 INFO ep=37: val_sharpe=0.8258 best=1.0665 patience=24 (78.6s)
2026-05-03 07:32:13,993 INFO ep=38: val_sharpe=0.9149 best=1.0665 patience=25 (77.1s)
2026-05-03 07:33:31,240 INFO ep=39: val_sharpe=0.9415 best=1.0665 patience=26 (77.2s)
2026-05-03 07:34:49,768 INFO ep=40: val_sharpe=0.9329 best=1.0665 patience=27 (78.5s)
2026-05-03 07:36:07,498 INFO ep=41: val_sharpe=0.9228 best=1.0665 patience=28 (77.7s)
2026-05-03 07:37:24,567 INFO ep=42: val_sharpe=0.9318 best=1.0665 patience=29 (77.1s)
2026-05-03 07:38:42,960 INFO ep=43: val_sharpe=0.9454 best=1.0665 patience=30 (78.4s)
2026-05-03 07:40:00,392 INFO ep=44: val_sharpe=0.9425 best=1.0665 patience=31 (77.4s)
2026-05-03 07:41:17,837 INFO ep=45: val_sharpe=0.8856 best=1.0665 patience=32 (77.4s)
2026-05-03 07:42:36,494 INFO ep=46: val_sharpe=0.9105 best=1.0665 patience=33 (78.7s)
2026-05-03 07:43:54,309 INFO ep=47: val_sharpe=0.9301 best=1.0665 patience=34 (77.8s)
2026-05-03 07:45:11,407 INFO ep=48: val_sharpe=0.9948 best=1.0665 patience=35 (77.1s)
2026-05-03 07:46:29,532 INFO ep=49: val_sharpe=1.0555 best=1.0665 patience=36 (78.1s)
2026-05-03 07:47:47,583 INFO ep=50: val_sharpe=1.0346 best=1.0665 patience=37 (78.1s)
2026-05-03 07:49:04,552 INFO ep=51: val_sharpe=1.0761 NEW BEST — checkpoint saved (77.0s)
2026-05-03 07:50:22,220 INFO ep=52: val_sharpe=1.0345 best=1.0761 patience=1 (77.7s)
2026-05-03 07:51:40,759 INFO ep=53: val_sharpe=1.0073 best=1.0761 patience=2 (78.5s)
2026-05-03 07:52:57,728 INFO ep=54: val_sharpe=0.9797 best=1.0761 patience=3 (77.0s)
2026-05-03 07:54:15,324 INFO ep=55: val_sharpe=0.9628 best=1.0761 patience=4 (77.6s)
2026-05-03 07:55:33,989 INFO ep=56: val_sharpe=0.9528 best=1.0761 patience=5 (78.7s)
2026-05-03 07:56:50,406 INFO ep=57: val_sharpe=0.9606 best=1.0761 patience=6 (76.4s)
2026-05-03 07:58:07,750 INFO ep=58: val_sharpe=0.9563 best=1.0761 patience=7 (77.3s)
2026-05-03 07:59:26,708 INFO ep=59: val_sharpe=0.9609 best=1.0761 patience=8 (79.0s)
2026-05-03 08:00:43,069 INFO ep=60: val_sharpe=0.9489 best=1.0761 patience=9 (76.4s)
2026-05-03 08:02:01,196 INFO ep=61: val_sharpe=0.9549 best=1.0761 patience=10 (78.1s)
2026-05-03 08:03:21,641 INFO ep=62: val_sharpe=0.9470 best=1.0761 patience=11 (80.4s)
2026-05-03 08:04:39,911 INFO ep=63: val_sharpe=0.9653 best=1.0761 patience=12 (78.3s)
2026-05-03 08:05:57,965 INFO ep=64: val_sharpe=0.9684 best=1.0761 patience=13 (78.1s)
2026-05-03 08:07:17,243 INFO ep=65: val_sharpe=0.9656 best=1.0761 patience=14 (79.3s)
2026-05-03 08:08:34,617 INFO ep=66: val_sharpe=0.9465 best=1.0761 patience=15 (77.4s)
2026-05-03 08:09:52,716 INFO ep=67: val_sharpe=0.9543 best=1.0761 patience=16 (78.1s)
2026-05-03 08:11:11,965 INFO ep=68: val_sharpe=0.9572 best=1.0761 patience=17 (79.2s)
2026-05-03 08:12:29,484 INFO ep=69: val_sharpe=0.9604 best=1.0761 patience=18 (77.5s)
2026-05-03 08:13:47,195 INFO ep=70: val_sharpe=0.9793 best=1.0761 patience=19 (77.7s)
2026-05-03 08:15:05,855 INFO ep=71: val_sharpe=0.9653 best=1.0761 patience=20 (78.7s)
2026-05-03 08:16:24,010 INFO ep=72: val_sharpe=0.9570 best=1.0761 patience=21 (78.2s)
2026-05-03 08:17:41,989 INFO ep=73: val_sharpe=0.9633 best=1.0761 patience=22 (78.0s)
2026-05-03 08:19:00,983 INFO ep=74: val_sharpe=0.9669 best=1.0761 patience=23 (79.0s)
2026-05-03 08:20:19,952 INFO ep=75: val_sharpe=0.9619 best=1.0761 patience=24 (79.0s)
2026-05-03 08:21:37,557 INFO ep=76: val_sharpe=0.9732 best=1.0761 patience=25 (77.6s)
2026-05-03 08:22:56,542 INFO ep=77: val_sharpe=0.9694 best=1.0761 patience=26 (79.0s)
2026-05-03 08:24:15,326 INFO ep=78: val_sharpe=0.9724 best=1.0761 patience=27 (78.8s)
2026-05-03 08:25:32,754 INFO ep=79: val_sharpe=0.9772 best=1.0761 patience=28 (77.4s)
2026-05-03 08:26:51,605 INFO ep=80: val_sharpe=0.9752 best=1.0761 patience=29 (78.9s)
2026-05-03 08:28:11,175 INFO ep=81: val_sharpe=0.9716 best=1.0761 patience=30 (79.6s)
2026-05-03 08:29:28,803 INFO ep=82: val_sharpe=0.9712 best=1.0761 patience=31 (77.6s)
2026-05-03 08:30:47,347 INFO ep=83: val_sharpe=0.9802 best=1.0761 patience=32 (78.5s)
2026-05-03 08:32:06,254 INFO ep=84: val_sharpe=0.9789 best=1.0761 patience=33 (78.9s)
2026-05-03 08:33:24,589 INFO ep=85: val_sharpe=0.9793 best=1.0761 patience=34 (78.3s)
2026-05-03 08:34:44,670 INFO ep=86: val_sharpe=0.9780 best=1.0761 patience=35 (80.1s)
2026-05-03 08:36:05,076 INFO ep=87: val_sharpe=0.9781 best=1.0761 patience=36 (80.4s)
2026-05-03 08:37:22,595 INFO ep=88: val_sharpe=0.9764 best=1.0761 patience=37 (77.5s)
2026-05-03 08:38:41,042 INFO ep=89: val_sharpe=0.9807 best=1.0761 patience=38 (78.4s)
2026-05-03 08:40:00,675 INFO ep=90: val_sharpe=0.9768 best=1.0761 patience=39 (79.6s)
2026-05-03 08:41:17,739 INFO ep=91: val_sharpe=0.9854 best=1.0761 patience=40 (77.1s)
2026-05-03 08:42:36,201 INFO ep=92: val_sharpe=0.9867 best=1.0761 patience=41 (78.5s)
2026-05-03 08:43:55,504 INFO ep=93: val_sharpe=0.9783 best=1.0761 patience=42 (79.3s)
2026-05-03 08:45:12,748 INFO ep=94: val_sharpe=0.9845 best=1.0761 patience=43 (77.2s)
2026-05-03 08:46:30,869 INFO ep=95: val_sharpe=0.9775 best=1.0761 patience=44 (78.1s)
2026-05-03 08:47:50,066 INFO ep=96: val_sharpe=0.9795 best=1.0761 patience=45 (79.2s)
2026-05-03 08:49:07,599 INFO ep=97: val_sharpe=0.9684 best=1.0761 patience=46 (77.5s)
2026-05-03 08:50:27,486 INFO ep=98: val_sharpe=0.9672 best=1.0761 patience=47 (79.9s)
2026-05-03 08:51:48,921 INFO ep=99: val_sharpe=0.9898 best=1.0761 patience=48 (81.4s)
2026-05-03 08:53:09,535 INFO ep=100: val_sharpe=0.9866 best=1.0761 patience=49 (80.6s)
2026-05-03 08:53:09,541 INFO Checkpoint saved: /home/shivamguptanit/github/us-rl-portfolio/artifacts/models/rl_e_ppo_ep0100
2026-05-03 08:54:29,992 INFO ep=101: val_sharpe=0.9705 best=1.0761 patience=50 (80.5s)
2026-05-03 08:54:29,992 INFO Early stopping at episode 101 (patience=50)
2026-05-03 08:54:29,999 INFO Final model saved: /home/shivamguptanit/github/us-rl-portfolio/artifacts/models/rl_e_ppo_final
2026-05-03 08:54:30,002 INFO Training log saved: 101 rows
2026-05-03 08:54:30,003 INFO Training complete: best_val_sharpe=1.0761, total_time=7939.2s
